  [1m[36mSQL (0.5ms)[0m  [1mCREATE EXTENSION IF NOT EXISTS "plpgsql"[0m
  [1m[35m (5.7ms)[0m  CREATE TABLE "albums" ("id" serial primary key, "artist_id" integer, "title" character varying(255), "created_at" timestamp, "updated_at" timestamp) 
  [1m[36m (2.7ms)[0m  [1mCREATE TABLE "artists" ("id" serial primary key, "name" character varying(255), "created_at" timestamp, "updated_at" timestamp) [0m
  [1m[35m (2.7ms)[0m  CREATE TABLE "comments" ("id" serial primary key, "title" character varying(255), "created_at" timestamp, "updated_at" timestamp) 
  [1m[36m (2.7ms)[0m  [1mCREATE TABLE "genres" ("id" serial primary key, "name" character varying(255), "created_at" timestamp, "updated_at" timestamp) [0m
  [1m[35m (3.7ms)[0m  CREATE TABLE "media_types" ("id" serial primary key, "name" character varying(255), "created_at" timestamp, "updated_at" timestamp) 
  [1m[36m (3.0ms)[0m  [1mCREATE TABLE "playlists" ("id" serial primary key, "name" character varying(255), "created_at" timestamp, "updated_at" timestamp) [0m
  [1m[35m (2.7ms)[0m  CREATE TABLE "playlists_tracks" ("id" serial primary key, "playlist_id" integer, "track_id" integer) 
  [1m[36m (4.4ms)[0m  [1mCREATE TABLE "tracks" ("id" serial primary key, "album_id" integer, "genre_id" integer, "media_type_id" integer, "name" character varying(255) NOT NULL, "composer" character varying(255), "milliseconds" integer NOT NULL, "bytes" integer, "unit_price" decimal(10,2), "created_at" timestamp, "updated_at" timestamp) [0m
  [1m[35m (2.5ms)[0m  CREATE TABLE "schema_migrations" ("version" character varying NOT NULL) 
  [1m[36m (1.5ms)[0m  [1mCREATE UNIQUE INDEX  "unique_schema_migrations" ON "schema_migrations"  ("version")[0m
  [1m[35m (0.3ms)[0m  SELECT version FROM "schema_migrations"
  [1m[36m (0.5ms)[0m  [1mINSERT INTO "schema_migrations" (version) VALUES ('20141107165750')[0m
  [1m[35m (0.4ms)[0m  INSERT INTO "schema_migrations" (version) VALUES ('20140128185321')
  [1m[36m (0.3ms)[0m  [1mINSERT INTO "schema_migrations" (version) VALUES ('20140128190323')[0m
  [1m[35m (0.4ms)[0m  INSERT INTO "schema_migrations" (version) VALUES ('20140128190658')
  [1m[36m (0.4ms)[0m  [1mINSERT INTO "schema_migrations" (version) VALUES ('20140128200252')[0m
  [1m[35m (0.7ms)[0m  INSERT INTO "schema_migrations" (version) VALUES ('20140128200458')
  [1m[36m (0.4ms)[0m  [1mINSERT INTO "schema_migrations" (version) VALUES ('20140128205156')[0m
  [1m[35mSQL (0.4ms)[0m  CREATE EXTENSION IF NOT EXISTS "plpgsql"
  [1m[36m (5.5ms)[0m  [1mCREATE TABLE "albums" ("id" serial primary key, "artist_id" integer, "title" character varying(255), "created_at" timestamp, "updated_at" timestamp) [0m
  [1m[35m (2.9ms)[0m  CREATE TABLE "artists" ("id" serial primary key, "name" character varying(255), "created_at" timestamp, "updated_at" timestamp) 
  [1m[36m (3.0ms)[0m  [1mCREATE TABLE "comments" ("id" serial primary key, "title" character varying(255), "created_at" timestamp, "updated_at" timestamp) [0m
  [1m[35m (3.0ms)[0m  CREATE TABLE "genres" ("id" serial primary key, "name" character varying(255), "created_at" timestamp, "updated_at" timestamp) 
  [1m[36m (3.9ms)[0m  [1mCREATE TABLE "media_types" ("id" serial primary key, "name" character varying(255), "created_at" timestamp, "updated_at" timestamp) [0m
  [1m[35m (3.0ms)[0m  CREATE TABLE "playlists" ("id" serial primary key, "name" character varying(255), "created_at" timestamp, "updated_at" timestamp) 
  [1m[36m (2.7ms)[0m  [1mCREATE TABLE "playlists_tracks" ("id" serial primary key, "playlist_id" integer, "track_id" integer) [0m
  [1m[35m (4.3ms)[0m  CREATE TABLE "tracks" ("id" serial primary key, "album_id" integer, "genre_id" integer, "media_type_id" integer, "name" character varying(255) NOT NULL, "composer" character varying(255), "milliseconds" integer NOT NULL, "bytes" integer, "unit_price" decimal(10,2), "created_at" timestamp, "updated_at" timestamp) 
  [1m[36m (2.0ms)[0m  [1mCREATE TABLE "schema_migrations" ("version" character varying NOT NULL) [0m
  [1m[35m (1.4ms)[0m  CREATE UNIQUE INDEX  "unique_schema_migrations" ON "schema_migrations"  ("version")
  [1m[36m (0.3ms)[0m  [1mSELECT version FROM "schema_migrations"[0m
  [1m[35m (0.6ms)[0m  INSERT INTO "schema_migrations" (version) VALUES ('20141107165750')
  [1m[36m (0.6ms)[0m  [1mINSERT INTO "schema_migrations" (version) VALUES ('20140128185321')[0m
  [1m[35m (0.3ms)[0m  INSERT INTO "schema_migrations" (version) VALUES ('20140128190323')
  [1m[36m (0.4ms)[0m  [1mINSERT INTO "schema_migrations" (version) VALUES ('20140128190658')[0m
  [1m[35m (0.4ms)[0m  INSERT INTO "schema_migrations" (version) VALUES ('20140128200252')
  [1m[36m (0.4ms)[0m  [1mINSERT INTO "schema_migrations" (version) VALUES ('20140128200458')[0m
  [1m[35m (0.4ms)[0m  INSERT INTO "schema_migrations" (version) VALUES ('20140128205156')
  [1m[36mActiveRecord::SchemaMigration Load (0.4ms)[0m  [1mSELECT "schema_migrations".* FROM "schema_migrations"[0m
  [1m[36mArtist Load (0.8ms)[0m  [1mSELECT  "artists".* FROM "artists" WHERE "artists"."id" = $1 LIMIT 1[0m  [["id", 22]]
  [1m[35mAlbum Load (0.9ms)[0m  SELECT  "albums".* FROM "albums"  ORDER BY "albums"."id" ASC LIMIT 1
  [1m[36mTrack Load (0.6ms)[0m  [1mSELECT  "tracks".* FROM "tracks"  ORDER BY "tracks"."id" DESC LIMIT 1[0m
  [1m[35mPlaylist Load (0.4ms)[0m  SELECT  "playlists".* FROM "playlists" WHERE "playlists"."name" = $1 LIMIT 1  [["name", "90's Music"]]
  [1m[36mPlaylist Load (0.2ms)[0m  [1mSELECT  "playlists".* FROM "playlists" WHERE "playlists"."id" = $1 LIMIT 1[0m  [["id", nil]]
  [1m[35mTrack Load (0.8ms)[0m  SELECT "tracks".* FROM "tracks" WHERE "tracks"."id" IN (1, 10, 55)
  [1m[36mGenre Load (0.6ms)[0m  [1mSELECT  "genres".* FROM "genres"  ORDER BY "genres"."id" ASC LIMIT 1000[0m
  [1m[35mArtist Load (0.6ms)[0m  SELECT "artists".* FROM "artists" WHERE (name='AC/DC')
  [1m[36mArtist Load (0.6ms)[0m  [1mSELECT "artists".* FROM "artists" WHERE (name='AC/DC')[0m
  [1m[35mArtist Load (0.4ms)[0m  SELECT "artists".* FROM "artists" WHERE "artists"."name" = $1  [["name", "AC/DC"]]
PG::SyntaxError: ERROR:  syntax error at or near "DEC"
LINE 1: ...ms" WHERE "albums"."artist_id" = $1  ORDER BY created_at DEC
                                                                    ^
: SELECT "albums".* FROM "albums" WHERE "albums"."artist_id" = $1  ORDER BY created_at DEC
  [1m[36mAlbum Load (0.5ms)[0m  [1mSELECT "albums".* FROM "albums" WHERE "albums"."artist_id" = $1  ORDER BY created_at DESC[0m  [["artist_id", 1]]
  [1m[35mPlaylist Load (0.5ms)[0m  SELECT  "playlists".* FROM "playlists" LIMIT 5
  [1m[36m (0.6ms)[0m  [1mSELECT COUNT(*) FROM "albums"[0m
  [1m[35m (2.8ms)[0m  SELECT MIN("tracks"."unit_price") FROM "tracks"
  [1m[36mGenre Load (42.6ms)[0m  [1mSELECT "genres".* FROM "genres" WHERE (id='Hip Hop/Rap')[0m
PG::InvalidTextRepresentation: ERROR:  invalid input syntax for integer: "Hip Hop/Rap"
LINE 1: SELECT "genres".* FROM "genres" WHERE (id='Hip Hop/Rap')
                                                  ^
: SELECT "genres".* FROM "genres" WHERE (id='Hip Hop/Rap')
  [1m[35m (1.1ms)[0m  SELECT COUNT(*) FROM "tracks"
  [1m[36mArtist Load (0.5ms)[0m  [1mSELECT  "artists".* FROM "artists" WHERE "artists"."id" = $1 LIMIT 1[0m  [["id", 22]]
  [1m[35mGenre Load (0.6ms)[0m  SELECT  "genres".* FROM "genres"  ORDER BY "genres"."id" ASC LIMIT 1000
  [1m[36mGenre Load (0.5ms)[0m  [1mSELECT "genres".* FROM "genres" WHERE (name='Hip Hop/Rap')[0m
  [1m[35m (1.3ms)[0m  SELECT COUNT(15) FROM "tracks"
  [1m[36m (0.7ms)[0m  [1mSELECT COUNT(#<Genre::ActiveRecord_Relation:0x007fa9ce0c10c8>) FROM "tracks"[0m
PG::SyntaxError: ERROR:  syntax error at or near ":"
LINE 1: SELECT COUNT(#<Genre::ActiveRecord_Relation:0x007fa9ce0c10c8...
                                                   ^
: SELECT COUNT(#<Genre::ActiveRecord_Relation:0x007fa9ce0c10c8>) FROM "tracks"
  [1m[35m (1.3ms)[0m  SELECT COUNT(15) FROM "tracks"
  [1m[36m (1.0ms)[0m  [1mSELECT COUNT(*) FROM "tracks"[0m
  [1m[35m (1.1ms)[0m  SELECT COUNT(*) FROM "tracks" WHERE "tracks"."genre_id" = $1  [["genre_id", 15]]
  [1m[36mMediaType Load (0.8ms)[0m  [1mSELECT "media_types".* FROM "media_types" WHERE (name='MPEG audio file')[0m
  [1m[35m (2.5ms)[0m  SELECT MIN("tracks"."unit_price") FROM "tracks" WHERE "tracks"."media_type_id" = $1  [["media_type_id", 1]]
  [1m[36m (2.5ms)[0m  [1mSELECT MAX("tracks"."unit_price") FROM "tracks" WHERE "tracks"."media_type_id" = $1[0m  [["media_type_id", 1]]
  [1m[35m (2.6ms)[0m  SELECT MAX("tracks"."unit_price") FROM "tracks" WHERE "tracks"."media_type_id" = $1  [["media_type_id", 1]]
  [1m[36m (2.3ms)[0m  [1mSELECT MAX("tracks"."unit_price") FROM "tracks"[0m
  [1m[35mArtist Load (0.6ms)[0m  SELECT "artists".* FROM "artists" WHERE "artists"."id" IN (1, 2)
  [1m[36mArtist Load (0.6ms)[0m  [1mSELECT  "artists".* FROM "artists"  ORDER BY "artists"."id" ASC LIMIT 2[0m
  [1m[35mArtist Load (0.5ms)[0m  SELECT  "artists".* FROM "artists"  ORDER BY "artists"."id" ASC LIMIT 2
  [1m[36mArtist Load (0.5ms)[0m  [1mSELECT  "artists".* FROM "artists" WHERE "artists"."id" = $1 LIMIT 1[0m  [["id", 2]]
  [1m[35mArtist Load (1.6ms)[0m  SELECT "artists".* FROM "artists"  ORDER BY created_at ASC
  [1m[36mArtist Load (1.8ms)[0m  [1mSELECT "artists".* FROM "artists"  ORDER BY created_at ASC, 2[0m
  [1m[35mArtist Load (0.6ms)[0m  SELECT  "artists".* FROM "artists"  ORDER BY created_at ASC LIMIT 2
  [1m[36mTrack Load (0.3ms)[0m  [1mSELECT  "tracks".* FROM "tracks" WHERE "tracks"."id" = $1 LIMIT 1[0m  [["id", nil]]
  [1m[35mTrack Load (0.4ms)[0m  SELECT  "tracks".* FROM "tracks" WHERE "tracks"."id" = $1 LIMIT 1  [["id", nil]]
  [1m[36mTrack Load (14.7ms)[0m  [1mSELECT "tracks".* FROM "tracks" WHERE "tracks"."media_type_id" = $1  ORDER BY unit_price DESC[0m  [["media_type_id", 1]]
  [1m[35mTrack Load (2.5ms)[0m  SELECT  "tracks".* FROM "tracks" WHERE "tracks"."media_type_id" = $1  ORDER BY unit_price DESC LIMIT 2  [["media_type_id", 1]]
  [1m[36m (2.6ms)[0m  [1mSELECT MAX("tracks"."unit_price") FROM "tracks" WHERE "tracks"."media_type_id" = $1[0m  [["media_type_id", 1]]
  [1m[35mTrack Load (6.2ms)[0m  SELECT  "tracks".* FROM "tracks"  ORDER BY "tracks"."id" ASC LIMIT 1000
  [1m[36mArtist Load (0.6ms)[0m  [1mSELECT  "artists".* FROM "artists"  ORDER BY created_at DESC LIMIT 2[0m
  [1m[35mTrack Load (2.6ms)[0m  SELECT  "tracks".* FROM "tracks" WHERE "tracks"."media_type_id" = $1  ORDER BY "tracks"."unit_price" ASC LIMIT 1  [["media_type_id", 1]]
  [1m[36mMediaType Load (0.3ms)[0m  [1mSELECT "media_types".* FROM "media_types" WHERE "media_types"."name" = $1[0m  [["name", "MPEG audio file"]]
  [1m[35mPlaylist Load (0.5ms)[0m  SELECT  "playlists".* FROM "playlists"  ORDER BY created_at DESC LIMIT 2
  [1m[36mPlaylist Load (0.5ms)[0m  [1mSELECT  "playlists".* FROM "playlists"  ORDER BY created_at ASC LIMIT 2[0m
  [1m[35mPlaylist Load (0.5ms)[0m  SELECT  "playlists".* FROM "playlists"  ORDER BY created_at DESC LIMIT 2
  [1m[36mTrack Load (51.2ms)[0m  [1mSELECT "tracks".* FROM "tracks" WHERE "tracks"."id" IN (SELECT  "playlists"."id" FROM "playlists"  ORDER BY created_at DESC LIMIT 2)[0m
  [1m[35mPlaylist Load (0.5ms)[0m  SELECT  "playlists".* FROM "playlists"  ORDER BY created_at DESC LIMIT 2
  [1m[36mTrack Load (0.9ms)[0m  [1mSELECT "tracks".* FROM "tracks" WHERE "tracks"."id" IN (SELECT  "playlists"."id" FROM "playlists"  ORDER BY created_at DESC LIMIT 2)[0m
  [1m[35mPlaylist Load (0.5ms)[0m  SELECT  "playlists".* FROM "playlists"  ORDER BY created_at DESC LIMIT 2
  [1m[36mPlaylist Load (0.5ms)[0m  [1mSELECT  "playlists".* FROM "playlists"  ORDER BY created_at DESC LIMIT 2[0m
  [1m[35mTrack Load (0.3ms)[0m  SELECT "tracks".* FROM "tracks" WHERE "tracks"."id" = $1  [["id", 3]]
  [1m[36mTrack Load (0.5ms)[0m  [1mSELECT "tracks".* FROM "tracks" WHERE "tracks"."id" = $1[0m  [["id", 4]]
  [1m[35mPlaylist Load (0.5ms)[0m  SELECT  "playlists".* FROM "playlists"  ORDER BY created_at DESC LIMIT 2
  [1m[36mTrack Load (0.9ms)[0m  [1mSELECT "tracks".* FROM "tracks" WHERE "tracks"."id" IN (SELECT  "playlists"."id" FROM "playlists"  ORDER BY created_at DESC LIMIT 2)[0m
